Determining if the function iconv_open exists failed with the following output:
Change Dir: /Users/vsc/github/doxygen-yap/xcode/CMakeFiles/CMakeTmp

Run Build Command:"/usr/bin/xcodebuild" "-project" "CMAKE_TRY_COMPILE.xcodeproj" "build" "-target" "cmTC_e0269" "-configuration" "Debug"
=== BUILD TARGET cmTC_e0269 OF PROJECT CMAKE_TRY_COMPILE WITH CONFIGURATION Debug ===

Check dependencies

Write auxiliary files
/bin/mkdir -p /Users/vsc/github/doxygen-yap/xcode/CMakeFiles/CMakeTmp/CMAKE_TRY_COMPILE.build/Debug/cmTC_e0269.build/Objects-normal/x86_64
write-file /Users/vsc/github/doxygen-yap/xcode/CMakeFiles/CMakeTmp/CMAKE_TRY_COMPILE.build/Debug/cmTC_e0269.build/Objects-normal/x86_64/cmTC_e0269.LinkFileList

CompileC CMAKE_TRY_COMPILE.build/Debug/cmTC_e0269.build/Objects-normal/x86_64/CheckFunctionExists.o /usr/local/Cellar/cmake/3.7.0/share/cmake/Modules/CheckFunctionExists.c normal x86_64 c com.apple.compilers.llvm.clang.1_0.compiler
    cd /Users/vsc/github/doxygen-yap/xcode/CMakeFiles/CMakeTmp
    export LANG=en_US.US-ASCII
    /Applications/Xcode.app/Contents/Developer/Toolchains/XcodeDefault.xctoolchain/usr/bin/clang -x c -arch x86_64 -fmessage-length=0 -fdiagnostics-show-note-include-stack -fmacro-backtrace-limit=0 -Wno-trigraphs -fpascal-strings -O0 -Wno-missing-field-initializers -Wno-missing-prototypes -Wno-return-type -Wno-missing-braces -Wparentheses -Wswitch -Wno-unused-function -Wno-unused-label -Wno-unused-parameter -Wno-unused-variable -Wunused-value -Wno-empty-body -Wno-uninitialized -Wno-unknown-pragmas -Wno-shadow -Wno-four-char-constants -Wno-conversion -Wno-constant-conversion -Wno-int-conversion -Wno-bool-conversion -Wno-enum-conversion -Wno-shorten-64-to-32 -Wpointer-sign -Wno-newline-eof -DCMAKE_INTDIR=\"Debug\" -isysroot /Applications/Xcode.app/Contents/Developer/Platforms/MacOSX.platform/Developer/SDKs/MacOSX10.12.sdk -fasm-blocks -fstrict-aliasing -Wdeprecated-declarations -mmacosx-version-min=10.12 -g -Wno-sign-conversion -Wno-infinite-recursion -I/Users/vsc/github/doxygen-yap/xcode/CMakeFiles/CMakeTmp/Debug/include -I/Users/vsc/github/doxygen-yap/xcode/CMakeFiles/CMakeTmp/CMAKE_TRY_COMPILE.build/Debug/cmTC_e0269.build/DerivedSources/x86_64 -I/Users/vsc/github/doxygen-yap/xcode/CMakeFiles/CMakeTmp/CMAKE_TRY_COMPILE.build/Debug/cmTC_e0269.build/DerivedSources -Wmost -Wno-four-char-constants -Wno-unknown-pragmas -F/Users/vsc/github/doxygen-yap/xcode/CMakeFiles/CMakeTmp/Debug -Wno-deprecated-register -mmacosx-version-min=10.5 -DCHECK_FUNCTION_EXISTS=iconv_open -MMD -MT dependencies -MF /Users/vsc/github/doxygen-yap/xcode/CMakeFiles/CMakeTmp/CMAKE_TRY_COMPILE.build/Debug/cmTC_e0269.build/Objects-normal/x86_64/CheckFunctionExists.d --serialize-diagnostics /Users/vsc/github/doxygen-yap/xcode/CMakeFiles/CMakeTmp/CMAKE_TRY_COMPILE.build/Debug/cmTC_e0269.build/Objects-normal/x86_64/CheckFunctionExists.dia -c /usr/local/Cellar/cmake/3.7.0/share/cmake/Modules/CheckFunctionExists.c -o /Users/vsc/github/doxygen-yap/xcode/CMakeFiles/CMakeTmp/CMAKE_TRY_COMPILE.build/Debug/cmTC_e0269.build/Objects-normal/x86_64/CheckFunctionExists.o

Ld Debug/cmTC_e0269 normal x86_64
    cd /Users/vsc/github/doxygen-yap/xcode/CMakeFiles/CMakeTmp
    export MACOSX_DEPLOYMENT_TARGET=10.12
    /Applications/Xcode.app/Contents/Developer/Toolchains/XcodeDefault.xctoolchain/usr/bin/clang -arch x86_64 -isysroot /Applications/Xcode.app/Contents/Developer/Platforms/MacOSX.platform/Developer/SDKs/MacOSX10.12.sdk -L/Users/vsc/github/doxygen-yap/xcode/CMakeFiles/CMakeTmp/Debug -F/Users/vsc/github/doxygen-yap/xcode/CMakeFiles/CMakeTmp/Debug -filelist /Users/vsc/github/doxygen-yap/xcode/CMakeFiles/CMakeTmp/CMAKE_TRY_COMPILE.build/Debug/cmTC_e0269.build/Objects-normal/x86_64/cmTC_e0269.LinkFileList -mmacosx-version-min=10.12 -Xlinker -object_path_lto -Xlinker /Users/vsc/github/doxygen-yap/xcode/CMakeFiles/CMakeTmp/CMAKE_TRY_COMPILE.build/Debug/cmTC_e0269.build/Objects-normal/x86_64/cmTC_e0269_lto.o -Xlinker -no_deduplicate -Wl,-search_paths_first -Wl,-headerpad_max_install_names -Xlinker -dependency_info -Xlinker /Users/vsc/github/doxygen-yap/xcode/CMakeFiles/CMakeTmp/CMAKE_TRY_COMPILE.build/Debug/cmTC_e0269.build/Objects-normal/x86_64/cmTC_e0269_dependency_info.dat -o /Users/vsc/github/doxygen-yap/xcode/CMakeFiles/CMakeTmp/Debug/cmTC_e0269
Undefined symbols for architecture x86_64:
  "_iconv_open", referenced from:
      _main in CheckFunctionExists.o
ld: symbol(s) not found for architecture x86_64
clang: error: linker command failed with exit code 1 (use -v to see invocation)

** BUILD FAILED **


The following build commands failed:
	Ld Debug/cmTC_e0269 normal x86_64
(1 failure)


Performing C++ SOURCE FILE Test ICONV_ACCEPTS_CONST_INPUT failed with the following output:
Change Dir: /Users/vsc/github/doxygen-yap/xcode/CMakeFiles/CMakeTmp

Run Build Command:"/usr/bin/xcodebuild" "-project" "CMAKE_TRY_COMPILE.xcodeproj" "build" "-target" "cmTC_121a3" "-configuration" "Debug"
=== BUILD TARGET cmTC_121a3 OF PROJECT CMAKE_TRY_COMPILE WITH CONFIGURATION Debug ===

Check dependencies

Write auxiliary files
/bin/mkdir -p /Users/vsc/github/doxygen-yap/xcode/CMakeFiles/CMakeTmp/CMAKE_TRY_COMPILE.build/Debug/cmTC_121a3.build/Objects-normal/x86_64
write-file /Users/vsc/github/doxygen-yap/xcode/CMakeFiles/CMakeTmp/CMAKE_TRY_COMPILE.build/Debug/cmTC_121a3.build/Objects-normal/x86_64/cmTC_121a3.LinkFileList

CompileC CMAKE_TRY_COMPILE.build/Debug/cmTC_121a3.build/Objects-normal/x86_64/src.o src.cxx normal x86_64 c++ com.apple.compilers.llvm.clang.1_0.compiler
    cd /Users/vsc/github/doxygen-yap/xcode/CMakeFiles/CMakeTmp
    export LANG=en_US.US-ASCII
    /Applications/Xcode.app/Contents/Developer/Toolchains/XcodeDefault.xctoolchain/usr/bin/clang -x c++ -arch x86_64 -fmessage-length=0 -fdiagnostics-show-note-include-stack -fmacro-backtrace-limit=0 -Wno-trigraphs -fpascal-strings -O0 -Wno-missing-field-initializers -Wno-missing-prototypes -Wno-return-type -Wno-non-virtual-dtor -Wno-overloaded-virtual -Wno-exit-time-destructors -Wno-missing-braces -Wparentheses -Wswitch -Wno-unused-function -Wno-unused-label -Wno-unused-parameter -Wno-unused-variable -Wunused-value -Wno-empty-body -Wno-uninitialized -Wno-unknown-pragmas -Wno-shadow -Wno-four-char-constants -Wno-conversion -Wno-constant-conversion -Wno-int-conversion -Wno-bool-conversion -Wno-enum-conversion -Wno-shorten-64-to-32 -Wno-newline-eof -Wno-c++11-extensions -DCMAKE_INTDIR=\"Debug\" -isysroot /Applications/Xcode.app/Contents/Developer/Platforms/MacOSX.platform/Developer/SDKs/MacOSX10.12.sdk -fasm-blocks -fstrict-aliasing -Wdeprecated-declarations -Winvalid-offsetof -mmacosx-version-min=10.12 -g -Wno-sign-conversion -Wno-infinite-recursion -Wno-move -I/Users/vsc/github/doxygen-yap/xcode/CMakeFiles/CMakeTmp/Debug/include -I/Users/vsc/github/doxygen-yap/xcode/CMakeFiles/CMakeTmp/CMAKE_TRY_COMPILE.build/Debug/cmTC_121a3.build/DerivedSources/x86_64 -I/Users/vsc/github/doxygen-yap/xcode/CMakeFiles/CMakeTmp/CMAKE_TRY_COMPILE.build/Debug/cmTC_121a3.build/DerivedSources -Wmost -Wno-four-char-constants -Wno-unknown-pragmas -F/Users/vsc/github/doxygen-yap/xcode/CMakeFiles/CMakeTmp/Debug -Wno-deprecated-register -mmacosx-version-min=10.5 -DICONV_ACCEPTS_CONST_INPUT -MMD -MT dependencies -MF /Users/vsc/github/doxygen-yap/xcode/CMakeFiles/CMakeTmp/CMAKE_TRY_COMPILE.build/Debug/cmTC_121a3.build/Objects-normal/x86_64/src.d --serialize-diagnostics /Users/vsc/github/doxygen-yap/xcode/CMakeFiles/CMakeTmp/CMAKE_TRY_COMPILE.build/Debug/cmTC_121a3.build/Objects-normal/x86_64/src.dia -c /Users/vsc/github/doxygen-yap/xcode/CMakeFiles/CMakeTmp/src.cxx -o /Users/vsc/github/doxygen-yap/xcode/CMakeFiles/CMakeTmp/CMAKE_TRY_COMPILE.build/Debug/cmTC_121a3.build/Objects-normal/x86_64/src.o
/Users/vsc/github/doxygen-yap/xcode/CMakeFiles/CMakeTmp/src.cxx:4:13: error: no matching function for call to 'iconv'
            iconv(iconv_t(-1), &p, 0, 0, 0);
            ^~~~~
In file included from /Users/vsc/github/doxygen-yap/xcode/CMakeFiles/CMakeTmp/src.cxx:1:
/Applications/Xcode.app/Contents/Developer/Platforms/MacOSX.platform/Developer/SDKs/MacOSX10.12.sdk/usr/include/iconv.h:69:8: note: candidate function not viable: no known conversion from 'const char **' to 'char **' for 2nd argument
size_t iconv (iconv_t /*cd*/,
       ^
1 error generated.

** BUILD FAILED **


The following build commands failed:
	CompileC CMAKE_TRY_COMPILE.build/Debug/cmTC_121a3.build/Objects-normal/x86_64/src.o src.cxx normal x86_64 c++ com.apple.compilers.llvm.clang.1_0.compiler
(1 failure)

Source file was:
#include <iconv.h>
         int main() {
            char const *p = 0;
            iconv(iconv_t(-1), &p, 0, 0, 0);
         }
